<?xml version="1.0" encoding="UTF-8"?>
<!-- Generated by org.testng.reporters.JUnitReportReporter -->
<testsuite hostname="Kazis-MacBook-Air.local" name="com.doc.test.SmokeTest" tests="2" failures="0" timestamp="25 Feb 2016 02:13:54 GMT" time="56.624" errors="0">
  <testcase name="verifyLogin" time="22.610" classname="com.doc.test.SmokeTest"/>
  <testcase name="verifyLogin" time="34.014" classname="com.doc.test.SmokeTest"/>
</testsuite> <!-- com.doc.test.SmokeTest -->
